<?xml version="1.0" encoding="UTF-8"?><testsuite errors="0" failures="0" name="Testing different types of products in Best Buy" skipped="0" tests="4" time="16.42" timestamp="2023-03-08T00:22:58.355Z[Europe/London]"><testcase name="Check if products list can be accessed by users"/><testcase name="Create a new products and verify if it is added"/><testcase name="check if the name of new product has been updated and verify updated information"/><testcase name="check if the product has been deleted by id and verify if deleted"/></testsuite>