<?xml version="1.0" encoding="UTF-8"?><testsuite errors="0" failures="0" name="Testing different types of stores which is offered by Bust Buy" skipped="0" tests="4" time="10.05" timestamp="2023-03-07T20:12:19.395Z[Europe/London]"><testcase name="check if store list can be accessed by user"/><testcase name="creating new stores and verify if it has been added"/><testcase name="check if the name of new store has been updated and verify updated information"/><testcase name="check if the store has been deleted by id and verify if deleted"/></testsuite>