<?xml version="1.0" encoding="UTF-8"?><testsuite errors="0" failures="0" name="Testing different request on Best Buy Categories Application" skipped="0" tests="5" time="21.14" timestamp="2023-03-07T14:08:27.935Z[Europe/London]"><testcase name="Check if categories list can be accessed by users"/><testcase name="Create a new categories and verify if it is added"/><testcase name="Check if the name has been updated and verify the updated information"/><testcase name="Check if the categories has been deleted by id and verified if deleted"/></testsuite>