<?xml version="1.0" encoding="UTF-8"?><testsuite errors="0" failures="0" name="Testing different requests on Best Buy services application" skipped="0" tests="4" time="15.95" timestamp="2023-03-07T16:43:39.713Z[Europe/London]"><testcase name="Check if services list can be accessed by users"/><testcase name="Create a new services and verify if it is added"/><testcase name="Check if the name has been updated and verify the updated information"/><testcase name="Check if the services has been deleted by id and verified if deleted"/></testsuite>